<?xml version="1.0" encoding="UTF-8"?>
<!-- Generated by org.testng.reporters.JUnitReportReporter -->
<testsuite hostname="Harishyam" failures="0" tests="4" name="userManagement.UserSerializationDeserialization" time="1.015" errors="0" timestamp="2024-11-17T03:33:53 IST" skipped="0">
  <testcase classname="userManagement.UserSerializationDeserialization" name="createNewUser" time="0.965"/>
  <system-out/>
  <testcase classname="userManagement.UserSerializationDeserialization" name="getSingleUser" time="0.018"/>
  <system-out/>
  <testcase classname="userManagement.UserSerializationDeserialization" name="updateJobUsingCompletePayload" time="0.018"/>
  <system-out/>
  <testcase classname="userManagement.UserSerializationDeserialization" name="deleteSingleUser" time="0.014"/>
  <system-out/>
</testsuite> <!-- userManagement.UserSerializationDeserialization -->
