<?xml version="1.0" encoding="UTF-8"?>
<!-- Generated by org.testng.reporters.JUnitReportReporter -->
<testsuite hostname="Harishyam" failures="1" tests="10" name="restFullBooker.HealthCheck" time="21.008" errors="0" timestamp="2024-11-25T02:00:45 IST" skipped="0">
  <testcase classname="restFullBooker.HealthCheck" name="pingServerForHealthCheck" time="8.037"/>
  <system-out/>
  <testcase classname="restFullBooker.HealthCheck" name="getAuthToken" time="1.692"/>
  <system-out/>
  <testcase classname="restFullBooker.HealthCheck" name="fetchAllBookingIDs" time="1.348"/>
  <system-out/>
  <testcase classname="restFullBooker.HealthCheck" name="createNewBooking" time="1.398"/>
  <system-out/>
  <testcase classname="restFullBooker.HealthCheck" name="fetchCustomerDetailByID" time="1.397"/>
  <system-out/>
  <testcase classname="restFullBooker.HealthCheck" name="filterBookingIDsByName" time="1.474"/>
  <system-out/>
  <testcase classname="restFullBooker.HealthCheck" name="filterBookingIDsByCheckInOutDate" time="1.439">
    <failure message="The following asserts failed:
	BookingIDs not found expected [true] but found [false]" type="java.lang.AssertionError">
      <![CDATA[java.lang.AssertionError: The following asserts failed:
BookingIDs not found expected [true] but found [false]
at org.testng.asserts.SoftAssert.assertAll(SoftAssert.java:46)
at org.testng.asserts.SoftAssert.assertAll(SoftAssert.java:30)
at utils.SoftAssertionUtil.AssertAll(SoftAssertionUtil.java:53)
at restFullBooker.HealthCheck.filterBookingIDsByCheckInOutDate(HealthCheck.java:182)
at java.base/jdk.internal.reflect.NativeMethodAccessorImpl.invoke0(Native Method)
at java.base/jdk.internal.reflect.NativeMethodAccessorImpl.invoke(NativeMethodAccessorImpl.java:77)
at java.base/jdk.internal.reflect.DelegatingMethodAccessorImpl.invoke(DelegatingMethodAccessorImpl.java:43)
at java.base/java.lang.reflect.Method.invoke(Method.java:568)
at org.testng.internal.invokers.MethodInvocationHelper.invokeMethod(MethodInvocationHelper.java:139)
at org.testng.internal.invokers.TestInvoker.invokeMethod(TestInvoker.java:677)
at org.testng.internal.invokers.TestInvoker.invokeTestMethod(TestInvoker.java:221)
at org.testng.internal.invokers.MethodRunner.runInSequence(MethodRunner.java:50)
at org.testng.internal.invokers.TestInvoker$MethodInvocationAgent.invoke(TestInvoker.java:969)
at org.testng.internal.invokers.TestInvoker.invokeTestMethods(TestInvoker.java:194)
at org.testng.internal.invokers.TestMethodWorker.invokeTestMethods(TestMethodWorker.java:148)
at org.testng.internal.invokers.TestMethodWorker.run(TestMethodWorker.java:128)
at java.base/java.util.ArrayList.forEach(ArrayList.java:1511)
at org.testng.TestRunner.privateRun(TestRunner.java:829)
at org.testng.TestRunner.run(TestRunner.java:602)
at org.testng.SuiteRunner.runTest(SuiteRunner.java:437)
at org.testng.SuiteRunner.runSequentially(SuiteRunner.java:431)
at org.testng.SuiteRunner.privateRun(SuiteRunner.java:391)
at org.testng.SuiteRunner.run(SuiteRunner.java:330)
at org.testng.SuiteRunnerWorker.runSuite(SuiteRunnerWorker.java:52)
at org.testng.SuiteRunnerWorker.run(SuiteRunnerWorker.java:95)
at org.testng.TestNG.runSuitesSequentially(TestNG.java:1256)
at org.testng.TestNG.runSuitesLocally(TestNG.java:1176)
at org.testng.TestNG.runSuites(TestNG.java:1099)
at org.testng.TestNG.run(TestNG.java:1067)
at org.testng.remote.AbstractRemoteTestNG.run(AbstractRemoteTestNG.java:115)
at org.testng.remote.RemoteTestNG.initAndRun(RemoteTestNG.java:293)
at org.testng.remote.RemoteTestNG.main(RemoteTestNG.java:91)
]]>
    </failure>
  </testcase> <!-- filterBookingIDsByCheckInOutDate -->
  <system-out/>
  <testcase classname="restFullBooker.HealthCheck" name="updateCurrentBookingPUT" time="1.397"/>
  <system-out/>
  <testcase classname="restFullBooker.HealthCheck" name="updateCurrentBookingPATCH" time="1.379"/>
  <system-out/>
  <testcase classname="restFullBooker.HealthCheck" name="deletecurrentBooking" time="1.447"/>
  <system-out/>
</testsuite> <!-- restFullBooker.HealthCheck -->
