<?xml version="1.0" encoding="UTF-8"?>
<!-- Generated by org.testng.reporters.JUnitReportReporter -->
<testsuite hostname="Harishyam" failures="0" tests="1" name="userManagement.UsersSchemaValidation" time="2.496" errors="0" timestamp="2024-11-18T03:21:20 IST" skipped="0">
  <testcase classname="userManagement.UsersSchemaValidation" name="getAndValidateUserSchema" time="2.496"/>
  <system-out/>
</testsuite> <!-- userManagement.UsersSchemaValidation -->
