<?xml version="1.0" encoding="UTF-8"?>
<!-- Generated by org.testng.reporters.JUnitReportReporter -->
<testsuite hostname="Harishyam" failures="0" tests="2" name="userManagement.RequestBodyExternalJSON" time="2.823" errors="0" timestamp="2024-11-22T04:14:08 IST" skipped="0">
  <testcase classname="userManagement.RequestBodyExternalJSON" name="requestBodyAsExternalJSONUtility" time="0.391"/>
  <system-out/>
  <testcase classname="userManagement.RequestBodyExternalJSON" name="requestBodyAsExternalJSON" time="2.432"/>
  <system-out/>
</testsuite> <!-- userManagement.RequestBodyExternalJSON -->
