<?xml version="1.0" encoding="UTF-8"?>
<!-- Generated by org.testng.reporters.JUnitReportReporter -->
<testsuite hostname="Harishyam" failures="0" tests="1" name="userManagement.PostmanEcho" time="3.120" errors="0" timestamp="2024-11-18T01:41:16 IST" skipped="0">
  <testcase classname="userManagement.PostmanEcho" name="automateBasicAuth" time="3.120"/>
  <system-out/>
</testsuite> <!-- userManagement.PostmanEcho -->
