<?xml version="1.0" encoding="UTF-8"?>
<!-- Generated by org.testng.reporters.JUnitReportReporter -->
<testsuite hostname="Harishyam" failures="0" tests="1" name="userManagement.FileUploadDownload" time="2.552" errors="0" timestamp="2024-11-16T17:31:46 IST" skipped="0">
  <testcase classname="userManagement.FileUploadDownload" name="fileUpload" time="2.552"/>
  <system-out/>
</testsuite> <!-- userManagement.FileUploadDownload -->
