<?xml version="1.0" encoding="UTF-8"?>
<!-- Generated by org.testng.reporters.JUnitReportReporter -->
<testsuite hostname="Harishyam" failures="0" tests="1" name="userManagement.RequestBodyString" time="1.248" errors="0" timestamp="2024-11-16T17:31:46 IST" skipped="0">
  <testcase classname="userManagement.RequestBodyString" name="requestBodyAsString" time="1.248"/>
  <system-out/>
</testsuite> <!-- userManagement.RequestBodyString -->
