<?xml version="1.0" encoding="UTF-8"?>
<!-- Generated by org.testng.reporters.JUnitReportReporter -->
<testsuite hostname="Harishyam" failures="0" tests="4" name="userManagement.getUser" time="3.977" errors="0" timestamp="2024-11-24T04:13:59 IST" skipped="1">
  <testcase classname="userManagement.getUser" name="testDataFromJSONFile" time="1.906"/>
  <system-out/>
  <testcase classname="userManagement.getUser" name="testDataFromJSON_dataFromPropertiesFile" time="1.851"/>
  <system-out/>
  <testcase classname="userManagement.getUser" name="automateMultipleQueryParamsUsingMap" time="0.220"/>
  <system-out/>
  <testcase classname="userManagement.getUser" name="automateOAuth1">
    <skipped/>
  </testcase> <!-- automateOAuth1 -->
  <system-out/>
</testsuite> <!-- userManagement.getUser -->
