<?xml version="1.0" encoding="UTF-8"?>
<!-- Generated by org.testng.reporters.JUnitReportReporter -->
<testsuite hostname="Harishyam" failures="1" tests="10" name="restFullBooker.HealthCheck" time="16.797" errors="0" timestamp="2024-11-26T04:35:40 IST" skipped="0">
  <testcase classname="restFullBooker.HealthCheck" name="pingServerForHealthCheck" time="3.452"/>
  <testcase classname="restFullBooker.HealthCheck" name="getAuthToken" time="1.698"/>
  <testcase classname="restFullBooker.HealthCheck" name="fetchAllBookingIDs" time="1.681"/>
  <testcase classname="restFullBooker.HealthCheck" name="createNewBooking" time="1.498"/>
  <testcase classname="restFullBooker.HealthCheck" name="fetchCustomerDetailByID" time="1.373"/>
  <testcase classname="restFullBooker.HealthCheck" name="filterBookingIDsByName" time="1.417"/>
  <testcase classname="restFullBooker.HealthCheck" name="filterBookingIDsByCheckInOutDate" time="1.421">
    <failure message="The following asserts failed:
	BookingIDs not found expected [true] but found [false]" type="java.lang.AssertionError">
      <![CDATA[java.lang.AssertionError: The following asserts failed:
BookingIDs not found expected [true] but found [false]
at org.testng.asserts.SoftAssert.assertAll(SoftAssert.java:46)
at org.testng.asserts.SoftAssert.assertAll(SoftAssert.java:30)
at utility.SoftAssertionUtil.AssertAll(SoftAssertionUtil.java:53)
at restFullBooker.HealthCheck.filterBookingIDsByCheckInOutDate(HealthCheck.java:183)
at java.base/jdk.internal.reflect.NativeMethodAccessorImpl.invoke0(Native Method)
at java.base/jdk.internal.reflect.NativeMethodAccessorImpl.invoke(NativeMethodAccessorImpl.java:77)
at java.base/jdk.internal.reflect.DelegatingMethodAccessorImpl.invoke(DelegatingMethodAccessorImpl.java:43)
at java.base/java.lang.reflect.Method.invoke(Method.java:568)
at org.testng.internal.invokers.MethodInvocationHelper.invokeMethod(MethodInvocationHelper.java:141)
at org.testng.internal.invokers.TestInvoker.invokeMethod(TestInvoker.java:686)
at org.testng.internal.invokers.TestInvoker.invokeTestMethod(TestInvoker.java:230)
at org.testng.internal.invokers.MethodRunner.runInSequence(MethodRunner.java:63)
at org.testng.internal.invokers.TestInvoker$MethodInvocationAgent.invoke(TestInvoker.java:992)
at org.testng.internal.invokers.TestInvoker.invokeTestMethods(TestInvoker.java:203)
at org.testng.internal.invokers.TestMethodWorker.invokeTestMethods(TestMethodWorker.java:154)
at org.testng.internal.invokers.TestMethodWorker.run(TestMethodWorker.java:134)
at java.base/java.util.ArrayList.forEach(ArrayList.java:1511)
at org.testng.TestRunner.privateRun(TestRunner.java:739)
at org.testng.TestRunner.run(TestRunner.java:614)
at org.testng.SuiteRunner.runTest(SuiteRunner.java:421)
at org.testng.SuiteRunner.runSequentially(SuiteRunner.java:413)
at org.testng.SuiteRunner.privateRun(SuiteRunner.java:373)
at org.testng.SuiteRunner.run(SuiteRunner.java:312)
at org.testng.SuiteRunnerWorker.runSuite(SuiteRunnerWorker.java:52)
at org.testng.SuiteRunnerWorker.run(SuiteRunnerWorker.java:95)
at org.testng.TestNG.runSuitesSequentially(TestNG.java:1274)
at org.testng.TestNG.runSuitesLocally(TestNG.java:1208)
at org.testng.TestNG.runSuites(TestNG.java:1112)
at org.testng.TestNG.run(TestNG.java:1079)
at org.testng.remote.AbstractRemoteTestNG.run(AbstractRemoteTestNG.java:115)
at org.testng.remote.RemoteTestNG.initAndRun(RemoteTestNG.java:293)
at org.testng.remote.RemoteTestNG.main(RemoteTestNG.java:91)
]]>
    </failure>
  </testcase> <!-- filterBookingIDsByCheckInOutDate -->
  <testcase classname="restFullBooker.HealthCheck" name="updateCurrentBookingPUT" time="1.454"/>
  <testcase classname="restFullBooker.HealthCheck" name="updateCurrentBookingPATCH" time="1.419"/>
  <testcase classname="restFullBooker.HealthCheck" name="deletecurrentBooking" time="1.384"/>
</testsuite> <!-- restFullBooker.HealthCheck -->
